<?xml version="1.0" encoding="UTF-8"?>
<testng-results skipped="0" failed="1" ignored="0" total="3" passed="2">
  <reporter-output>
    <line>
      <![CDATA[TestNG method started FacebookPageTest]]>
    </line>
    <line>
      <![CDATA[TestNG method started enterCredentials]]>
    </line>
    <line>
      <![CDATA[TestNG method Passed enterCredentials]]>
    </line>
    <line>
      <![CDATA[<br>]]>
    </line>
    <line>
      <![CDATA[TestNG method started getLoginError]]>
    </line>
    <line>
      <![CDATA[TestNG method failed getLoginError]]>
    </line>
    <line>
      <![CDATA[click to see screenshot]]>
    </line>
    <line>
      <![CDATA[<br>]]>
    </line>
    <line>
      <![CDATA[<a target="_blank" href="C:\EclipseWorkspace\MavenFramework\src\test\resources\Screenshots\errormessage1.png">Screenshot</a>]]>
    </line>
    <line>
      <![CDATA[TestNG method started testForgotPassword]]>
    </line>
    <line>
      <![CDATA[TestNG method Passed testForgotPassword]]>
    </line>
    <line>
      <![CDATA[<br>]]>
    </line>
  </reporter-output>
  <suite name="FacebookPageSuite" duration-ms="44365" started-at="2021-09-20T15:45:01 IST" finished-at="2021-09-20T15:45:45 IST">
    <groups>
    </groups>
    <test name="FacebookPageTest" duration-ms="44365" started-at="2021-09-20T15:45:01 IST" finished-at="2021-09-20T15:45:45 IST">
      <class name="com.pom.testcases.TestFBForgotPassword">
        <test-method status="PASS" signature="testForgotPassword()[pri:0, instance:com.pom.testcases.TestFBForgotPassword@1ba9117e]" name="testForgotPassword" duration-ms="14964" started-at="2021-09-20T15:45:29 IST" finished-at="2021-09-20T15:45:44 IST">
          <reporter-output>
            <line>
              <![CDATA[TestNG method started testForgotPassword]]>
            </line>
            <line>
              <![CDATA[TestNG method Passed testForgotPassword]]>
            </line>
            <line>
              <![CDATA[<br>]]>
            </line>
          </reporter-output>
        </test-method> <!-- testForgotPassword -->
      </class> <!-- com.pom.testcases.TestFBForgotPassword -->
      <class name="com.pom.testcases.TestFacebookLoginPage">
        <test-method status="PASS" signature="setExtent()[pri:0, instance:com.pom.testcases.TestFacebookLoginPage@2f8dad04]" name="setExtent" is-config="true" duration-ms="124" started-at="2021-09-20T15:45:01 IST" finished-at="2021-09-20T15:45:01 IST">
          <reporter-output>
          </reporter-output>
        </test-method> <!-- setExtent -->
        <test-method status="PASS" signature="enterCredentials()[pri:0, instance:com.pom.testcases.TestFacebookLoginPage@2f8dad04]" name="enterCredentials" duration-ms="18532" started-at="2021-09-20T15:45:01 IST" finished-at="2021-09-20T15:45:19 IST">
          <reporter-output>
            <line>
              <![CDATA[TestNG method started enterCredentials]]>
            </line>
            <line>
              <![CDATA[TestNG method Passed enterCredentials]]>
            </line>
            <line>
              <![CDATA[<br>]]>
            </line>
          </reporter-output>
        </test-method> <!-- enterCredentials -->
        <test-method status="PASS" signature="amextentreport(org.testng.ITestResult)[pri:0, instance:com.pom.testcases.TestFacebookLoginPage@2f8dad04]" name="amextentreport" is-config="true" duration-ms="11" started-at="2021-09-20T15:45:19 IST" finished-at="2021-09-20T15:45:19 IST">
          <params>
            <param index="0">
              <value>
                <![CDATA[[TestResult name=enterCredentials status=SUCCESS method=TestFacebookLoginPage.enterCredentials()[pri:0, instance:com.pom.testcases.TestFacebookLoginPage@2f8dad04] output=TestNG method started enterCredentials]]]>
              </value>
            </param>
          </params>
          <reporter-output>
          </reporter-output>
        </test-method> <!-- amextentreport -->
        <test-method status="FAIL" signature="getLoginError()[pri:0, instance:com.pom.testcases.TestFacebookLoginPage@2f8dad04]" name="getLoginError" duration-ms="10021" started-at="2021-09-20T15:45:19 IST" finished-at="2021-09-20T15:45:29 IST">
          <exception class="org.openqa.selenium.NoSuchElementException">
            <message>
              <![CDATA[Unable to locate element: //div[@class='_9ay7']
For documentation on this error, please visit: https://www.seleniumhq.org/exceptions/no_such_element.html
Build info: version: '3.141.59', revision: 'e82be7d358', time: '2018-11-14T08:17:03'
System info: host: 'W1071DXQQ2', ip: '10.107.115.98', os.name: 'Windows 10', os.arch: 'amd64', os.version: '10.0', java.version: '1.8.0_291'
Driver info: org.openqa.selenium.firefox.FirefoxDriver
Capabilities {acceptInsecureCerts: true, browserName: firefox, browserVersion: 91.0.1, javascriptEnabled: true, moz:accessibilityChecks: false, moz:buildID: 20210816143654, moz:geckodriverVersion: 0.29.1, moz:headless: false, moz:processID: 28568, moz:profile: C:\Users\prashanth_a1\AppDa..., moz:shutdownTimeout: 60000, moz:useNonSpecCompliantPointerOrigin: false, moz:webdriverClick: true, pageLoadStrategy: normal, platform: WINDOWS, platformName: WINDOWS, platformVersion: 10.0, proxy: Proxy(), setWindowRect: true, strictFileInteractability: false, timeouts: {implicit: 0, pageLoad: 300000, script: 30000}, unhandledPromptBehavior: dismiss and notify}
Session ID: ffab19f9-a913-483e-87ac-6b3d492ed88b
*** Element info: {Using=xpath, value=//div[@class='_9ay7']}]]>
            </message>
            <full-stacktrace>
              <![CDATA[org.openqa.selenium.NoSuchElementException: Unable to locate element: //div[@class='_9ay7']
For documentation on this error, please visit: https://www.seleniumhq.org/exceptions/no_such_element.html
Build info: version: '3.141.59', revision: 'e82be7d358', time: '2018-11-14T08:17:03'
System info: host: 'W1071DXQQ2', ip: '10.107.115.98', os.name: 'Windows 10', os.arch: 'amd64', os.version: '10.0', java.version: '1.8.0_291'
Driver info: org.openqa.selenium.firefox.FirefoxDriver
Capabilities {acceptInsecureCerts: true, browserName: firefox, browserVersion: 91.0.1, javascriptEnabled: true, moz:accessibilityChecks: false, moz:buildID: 20210816143654, moz:geckodriverVersion: 0.29.1, moz:headless: false, moz:processID: 28568, moz:profile: C:\Users\prashanth_a1\AppDa..., moz:shutdownTimeout: 60000, moz:useNonSpecCompliantPointerOrigin: false, moz:webdriverClick: true, pageLoadStrategy: normal, platform: WINDOWS, platformName: WINDOWS, platformVersion: 10.0, proxy: Proxy(), setWindowRect: true, strictFileInteractability: false, timeouts: {implicit: 0, pageLoad: 300000, script: 30000}, unhandledPromptBehavior: dismiss and notify}
Session ID: ffab19f9-a913-483e-87ac-6b3d492ed88b
*** Element info: {Using=xpath, value=//div[@class='_9ay7']}
at sun.reflect.NativeConstructorAccessorImpl.newInstance0(Native Method)
at sun.reflect.NativeConstructorAccessorImpl.newInstance(Unknown Source)
at sun.reflect.DelegatingConstructorAccessorImpl.newInstance(Unknown Source)
at java.lang.reflect.Constructor.newInstance(Unknown Source)
at org.openqa.selenium.remote.http.W3CHttpResponseCodec.createException(W3CHttpResponseCodec.java:187)
at org.openqa.selenium.remote.http.W3CHttpResponseCodec.decode(W3CHttpResponseCodec.java:122)
at org.openqa.selenium.remote.http.W3CHttpResponseCodec.decode(W3CHttpResponseCodec.java:49)
at org.openqa.selenium.remote.HttpCommandExecutor.execute(HttpCommandExecutor.java:158)
at org.openqa.selenium.remote.service.DriverCommandExecutor.execute(DriverCommandExecutor.java:83)
at org.openqa.selenium.remote.RemoteWebDriver.execute(RemoteWebDriver.java:552)
at org.openqa.selenium.remote.RemoteWebDriver.findElement(RemoteWebDriver.java:323)
at org.openqa.selenium.remote.RemoteWebDriver.findElementByXPath(RemoteWebDriver.java:428)
at org.openqa.selenium.By$ByXPath.findElement(By.java:353)
at org.openqa.selenium.remote.RemoteWebDriver.findElement(RemoteWebDriver.java:315)
at com.pom.pages.FacebookHomePage.getErrorMsgHomePage(FacebookHomePage.java:25)
at com.pom.testcases.TestFacebookLoginPage.getLoginError(TestFacebookLoginPage.java:85)
at sun.reflect.NativeMethodAccessorImpl.invoke0(Native Method)
at sun.reflect.NativeMethodAccessorImpl.invoke(Unknown Source)
at sun.reflect.DelegatingMethodAccessorImpl.invoke(Unknown Source)
at java.lang.reflect.Method.invoke(Unknown Source)
at org.testng.internal.MethodInvocationHelper.invokeMethod(MethodInvocationHelper.java:133)
at org.testng.internal.TestInvoker.invokeMethod(TestInvoker.java:598)
at org.testng.internal.TestInvoker.invokeTestMethod(TestInvoker.java:173)
at org.testng.internal.MethodRunner.runInSequence(MethodRunner.java:46)
at org.testng.internal.TestInvoker$MethodInvocationAgent.invoke(TestInvoker.java:824)
at org.testng.internal.TestInvoker.invokeTestMethods(TestInvoker.java:146)
at org.testng.internal.TestMethodWorker.invokeTestMethods(TestMethodWorker.java:146)
at org.testng.internal.TestMethodWorker.run(TestMethodWorker.java:128)
at java.util.ArrayList.forEach(Unknown Source)
at org.testng.TestRunner.privateRun(TestRunner.java:794)
at org.testng.TestRunner.run(TestRunner.java:596)
at org.testng.SuiteRunner.runTest(SuiteRunner.java:377)
at org.testng.SuiteRunner.runSequentially(SuiteRunner.java:371)
at org.testng.SuiteRunner.privateRun(SuiteRunner.java:332)
at org.testng.SuiteRunner.run(SuiteRunner.java:276)
at org.testng.SuiteRunnerWorker.runSuite(SuiteRunnerWorker.java:53)
at org.testng.SuiteRunnerWorker.run(SuiteRunnerWorker.java:96)
at org.testng.TestNG.runSuitesSequentially(TestNG.java:1212)
at org.testng.TestNG.runSuitesLocally(TestNG.java:1134)
at org.testng.TestNG.runSuites(TestNG.java:1063)
at org.testng.TestNG.run(TestNG.java:1031)
at org.apache.maven.surefire.testng.TestNGExecutor.run(TestNGExecutor.java:284)
at org.apache.maven.surefire.testng.TestNGXmlTestSuite.execute(TestNGXmlTestSuite.java:75)
at org.apache.maven.surefire.testng.TestNGProvider.invoke(TestNGProvider.java:119)
at org.apache.maven.surefire.booter.ForkedBooter.runSuitesInProcess(ForkedBooter.java:428)
at org.apache.maven.surefire.booter.ForkedBooter.execute(ForkedBooter.java:162)
at org.apache.maven.surefire.booter.ForkedBooter.run(ForkedBooter.java:562)
at org.apache.maven.surefire.booter.ForkedBooter.main(ForkedBooter.java:548)
]]>
            </full-stacktrace>
          </exception> <!-- org.openqa.selenium.NoSuchElementException -->
          <reporter-output>
            <line>
              <![CDATA[TestNG method started getLoginError]]>
            </line>
            <line>
              <![CDATA[TestNG method failed getLoginError]]>
            </line>
            <line>
              <![CDATA[click to see screenshot]]>
            </line>
            <line>
              <![CDATA[<br>]]>
            </line>
            <line>
              <![CDATA[<a target="_blank" href="C:\EclipseWorkspace\MavenFramework\src\test\resources\Screenshots\errormessage1.png">Screenshot</a>]]>
            </line>
          </reporter-output>
        </test-method> <!-- getLoginError -->
        <test-method status="PASS" signature="amextentreport(org.testng.ITestResult)[pri:0, instance:com.pom.testcases.TestFacebookLoginPage@2f8dad04]" name="amextentreport" is-config="true" duration-ms="1" started-at="2021-09-20T15:45:29 IST" finished-at="2021-09-20T15:45:29 IST">
          <params>
            <param index="0">
              <value>
                <![CDATA[[TestResult name=getLoginError status=FAILURE method=TestFacebookLoginPage.getLoginError()[pri:0, instance:com.pom.testcases.TestFacebookLoginPage@2f8dad04] output=TestNG method started getLoginError]]]>
              </value>
            </param>
          </params>
          <reporter-output>
          </reporter-output>
        </test-method> <!-- amextentreport -->
        <test-method status="PASS" signature="endReport()[pri:0, instance:com.pom.testcases.TestFacebookLoginPage@2f8dad04]" name="endReport" is-config="true" duration-ms="513" started-at="2021-09-20T15:45:44 IST" finished-at="2021-09-20T15:45:45 IST">
          <reporter-output>
          </reporter-output>
        </test-method> <!-- endReport -->
      </class> <!-- com.pom.testcases.TestFacebookLoginPage -->
    </test> <!-- FacebookPageTest -->
  </suite> <!-- FacebookPageSuite -->
</testng-results>
